This file contains any messages produced by compilers while
running configure, to aid debugging if configure makes a mistake.

It was created by CPGRAPH configure 0.2, which was
generated by GNU Autoconf 2.61.  Invocation command line was

  $ ./configure --prefix=/usr/local --enable-gist --enable-examples --enable-contribs --cache-file=/dev/null --srcdir=.

## --------- ##
## Platform. ##
## --------- ##

hostname = josel-desktop
uname -m = i686
uname -r = 2.6.24-24-generic
uname -s = Linux
uname -v = #1 SMP Wed Apr 15 15:54:25 UTC 2009

/usr/bin/uname -p = unknown
/bin/uname -X     = unknown

/bin/arch              = unknown
/usr/bin/arch -k       = unknown
/usr/convex/getsysinfo = unknown
/usr/bin/hostinfo      = unknown
/bin/machine           = unknown
/usr/bin/oslevel       = unknown
/bin/universe          = unknown

PATH: /usr/local/sbin
PATH: /usr/local/bin
PATH: /usr/sbin
PATH: /usr/bin
PATH: /sbin
PATH: /bin
PATH: /usr/games


## ----------- ##
## Core tests. ##
## ----------- ##


## ---------------------- ##
## Running config.status. ##
## ---------------------- ##

This file was extended by GECODE config.status 2.1.1, which was
generated by GNU Autoconf 2.61.  Invocation command line was

  CONFIG_FILES    = 
  CONFIG_HEADERS  = 
  CONFIG_LINKS    = 
  CONFIG_COMMANDS = 
  $ ../../config.status --file Makefile.in:Makefile.in.in

on josel-desktop

config.status:685: creating Makefile.in
configure:1784: creating ./config.status

## ---------------------- ##
## Running config.status. ##
## ---------------------- ##

This file was extended by CPGRAPH config.status 0.2, which was
generated by GNU Autoconf 2.61.  Invocation command line was

  CONFIG_FILES    = 
  CONFIG_HEADERS  = 
  CONFIG_LINKS    = 
  CONFIG_COMMANDS = 
  $ ./config.status 

on josel-desktop

config.status:572: creating Makefile
config.status:752: executing Makefile.in commands

## ---------------- ##
## Cache variables. ##
## ---------------- ##

ac_cv_env_build_alias_set=
ac_cv_env_build_alias_value=
ac_cv_env_host_alias_set=
ac_cv_env_host_alias_value=
ac_cv_env_target_alias_set=
ac_cv_env_target_alias_value=

## ----------------- ##
## Output variables. ##
## ----------------- ##

BOOST_DIR='/usr/include'
DEFS='-DPACKAGE_NAME=\"CPGRAPH\" -DPACKAGE_TARNAME=\"cpgraph\" -DPACKAGE_VERSION=\"0.2\" -DPACKAGE_STRING=\"CPGRAPH\ 0.2\" -DPACKAGE_BUGREPORT=\"josel28_20@hotmail.com\"'
ECHO_C=''
ECHO_N='-n'
ECHO_T=''
GRAPH='graph'
LIBOBJS=''
LIBS=''
LTLIBOBJS=''
PACKAGE_BUGREPORT='josel28_20@hotmail.com'
PACKAGE_NAME='CPGRAPH'
PACKAGE_STRING='CPGRAPH 0.2'
PACKAGE_TARNAME='cpgraph'
PACKAGE_VERSION='0.2'
PATH_SEPARATOR=':'
SHELL='/bin/bash'
bindir='${exec_prefix}/bin'
build_alias=''
datadir='${datarootdir}'
datarootdir='${prefix}/share'
docdir='${datarootdir}/doc/${PACKAGE_TARNAME}'
dvidir='${docdir}'
exec_prefix='${prefix}'
host_alias=''
htmldir='${docdir}'
includedir='${prefix}/include'
infodir='${datarootdir}/info'
libdir='${exec_prefix}/lib'
libexecdir='${exec_prefix}/libexec'
localedir='${datarootdir}/locale'
localstatedir='${prefix}/var'
mandir='${datarootdir}/man'
oldincludedir='/usr/include'
pdfdir='${docdir}'
prefix='/usr/local'
program_transform_name='s,x,x,'
psdir='${docdir}'
sbindir='${exec_prefix}/sbin'
sharedstatedir='${prefix}/com'
sysconfdir='${prefix}/etc'
target_alias=''

## ----------- ##
## confdefs.h. ##
## ----------- ##

#define PACKAGE_NAME "CPGRAPH"
#define PACKAGE_TARNAME "cpgraph"
#define PACKAGE_VERSION "0.2"
#define PACKAGE_STRING "CPGRAPH 0.2"
#define PACKAGE_BUGREPORT "josel28_20@hotmail.com"

configure: exit 0
